[debug] [2018-08-20T23:14:24.574Z] ----------------------------------------------------------------------
[debug] [2018-08-20T23:14:24.578Z] Command:       /usr/bin/node /usr/local/bin/firebase deploy
[debug] [2018-08-20T23:14:24.579Z] CLI Version:   3.16.0
[debug] [2018-08-20T23:14:24.579Z] Platform:      linux
[debug] [2018-08-20T23:14:24.579Z] Node Version:  v8.11.3
[debug] [2018-08-20T23:14:24.579Z] Time:          Tue Aug 21 2018 00:14:24 GMT+0100 (WAT)
[debug] [2018-08-20T23:14:24.579Z] ----------------------------------------------------------------------
[debug] 
[debug] [2018-08-20T23:14:24.650Z] > command requires scopes: ["email","openid","https://www.googleapis.com/auth/cloudplatformprojects.readonly","https://www.googleapis.com/auth/firebase","https://www.googleapis.com/auth/cloud-platform"]
[debug] [2018-08-20T23:14:24.651Z] > authorizing via signed-in user
[debug] [2018-08-20T23:14:24.655Z] >>> HTTP REQUEST GET https://admin.firebase.com/v1/projects/twittersent-123  
  
 Tue Aug 21 2018 00:14:24 GMT+0100 (WAT)
[debug] [2018-08-20T23:14:37.538Z] <<< HTTP RESPONSE 200
[debug] [2018-08-20T23:14:37.539Z] >>> HTTP REQUEST GET https://admin.firebase.com/v1/database/twittersent-123/tokens  
  
 Tue Aug 21 2018 00:14:37 GMT+0100 (WAT)
[debug] [2018-08-20T23:14:53.535Z] <<< HTTP RESPONSE 200
[debug] [2018-08-20T23:15:23.113Z] ----------------------------------------------------------------------
[debug] [2018-08-20T23:15:23.116Z] Command:       /usr/bin/node /usr/local/bin/firebase login --reauth
[debug] [2018-08-20T23:15:23.117Z] CLI Version:   3.16.0
[debug] [2018-08-20T23:15:23.117Z] Platform:      linux
[debug] [2018-08-20T23:15:23.117Z] Node Version:  v8.11.3
[debug] [2018-08-20T23:15:23.117Z] Time:          Tue Aug 21 2018 00:15:23 GMT+0100 (WAT)
[debug] [2018-08-20T23:15:23.117Z] ----------------------------------------------------------------------
[debug] 
[info] 
[info] Visit this URL on any device to log in:
[info] https://accounts.google.com/o/oauth2/auth?client_id=563584335869-fgrhgmd47bqnekij5i8b5pr03ho849e6.apps.googleusercontent.com&scope=email%20openid%20https%3A%2F%2Fwww.googleapis.com%2Fauth%2Fcloudplatformprojects.readonly%20https%3A%2F%2Fwww.googleapis.com%2Fauth%2Ffirebase%20https%3A%2F%2Fwww.googleapis.com%2Fauth%2Fcloud-platform&response_type=code&state=924062292&redirect_uri=http%3A%2F%2Flocalhost%3A9005
[info] 
[info] Waiting for authentication...
